21/06/26 16:11 - Ingreso de clienteLauta
21/06/26 16:16 - Ingreso de cliente Pepe
21/06/26 16:16 - Ingreso de cliente Juan
21/06/26 16:16 - Ingreso de cliente Maria
21/06/26 16:16 - Ingreso de nuevo funcionario: Julio
21/06/26 16:16 - Ingreso de nuevo funcionario: Santiago
21/06/26 16:16 - Ingreso de nuevo funcionario: Belen
21/06/26 16:16 - Ingreso de paquete de cliente Pepe
21/06/26 16:16 - Ingreso de paquete de cliente Juan
21/06/26 16:16 - Ingreso de paquete de cliente Pepe
21/06/26 16:16 - Ingreso de paquete de cliente Pepe
21/06/26 16:16 - Ingreso de paquete de cliente Juan
21/06/26 16:16 - Ingreso de paquete de cliente Maria
21/06/26 16:17 - Ingreso de cliente Pepe
21/06/26 16:17 - Ingreso de cliente Juan
21/06/26 16:17 - Ingreso de cliente Maria
21/06/26 16:17 - Ingreso de nuevo funcionario: Julio
21/06/26 16:17 - Ingreso de nuevo funcionario: Santiago
21/06/26 16:17 - Ingreso de nuevo funcionario: Belen
21/06/26 16:17 - Ingreso de paquete de cliente Pepe
21/06/26 16:17 - Ingreso de paquete de cliente Juan
21/06/26 16:17 - Ingreso de paquete de cliente Pepe
21/06/26 16:17 - Ingreso de paquete de cliente Pepe
21/06/26 16:17 - Ingreso de paquete de cliente Juan
21/06/26 16:17 - Ingreso de paquete de cliente Maria
21/06/26 16:18 - Ingreso de cliente Pepe
21/06/26 16:18 - Ingreso de cliente Juan
21/06/26 16:18 - Ingreso de cliente Maria
21/06/26 16:18 - Ingreso de nuevo funcionario: Julio
21/06/26 16:18 - Ingreso de nuevo funcionario: Santiago
21/06/26 16:18 - Ingreso de nuevo funcionario: Belen
21/06/26 16:18 - Ingreso de paquete de cliente Pepe
21/06/26 16:18 - Ingreso de paquete de cliente Juan
21/06/26 16:18 - Ingreso de paquete de cliente Pepe
21/06/26 16:18 - Ingreso de paquete de cliente Pepe
21/06/26 16:18 - Ingreso de paquete de cliente Juan
21/06/26 16:18 - Ingreso de paquete de cliente Maria
21/06/26 16:18 - Ingreso de nuevo funcionario: Dan
21/06/26 16:18 - Ingreso de cliente aosgosagj
21/06/26 16:20 - Ingreso de cliente Pepe
21/06/26 16:20 - Ingreso de cliente Juan
21/06/26 16:20 - Ingreso de cliente Maria
21/06/26 16:20 - Ingreso de nuevo funcionario: Julio
21/06/26 16:20 - Ingreso de nuevo funcionario: Santiago
21/06/26 16:20 - Ingreso de nuevo funcionario: Belen
21/06/26 16:20 - Ingreso de paquete de cliente Pepe
21/06/26 16:20 - Ingreso de paquete de cliente Juan
21/06/26 16:20 - Ingreso de paquete de cliente Pepe
21/06/26 16:20 - Ingreso de paquete de cliente Pepe
21/06/26 16:20 - Ingreso de paquete de cliente Juan
21/06/26 16:20 - Ingreso de paquete de cliente Maria
21/06/26 16:20 - Ingreso de cliente Pepe
21/06/26 16:20 - Ingreso de cliente Juan
21/06/26 16:20 - Ingreso de cliente Maria
21/06/26 16:20 - Ingreso de nuevo funcionario: Julio
21/06/26 16:20 - Ingreso de nuevo funcionario: Santiago
21/06/26 16:20 - Ingreso de nuevo funcionario: Belen
21/06/26 16:20 - Ingreso de paquete de cliente Pepe
21/06/26 16:20 - Ingreso de paquete de cliente Juan
21/06/26 16:20 - Ingreso de paquete de cliente Pepe
21/06/26 16:20 - Ingreso de paquete de cliente Pepe
21/06/26 16:20 - Ingreso de paquete de cliente Juan
21/06/26 16:20 - Ingreso de paquete de cliente Maria
21/06/26 16:20 - Ingreso de nuevo funcionario: jasjfasf
21/06/26 16:20 - Ingreso de nuevo funcionario: PEITITITIT
21/06/26 16:24 - Ingreso de cliente Pepe
21/06/26 16:24 - Ingreso de cliente Juan
21/06/26 16:24 - Ingreso de cliente Maria
21/06/26 16:24 - Ingreso de nuevo funcionario: Julio
21/06/26 16:24 - Ingreso de nuevo funcionario: Santiago
21/06/26 16:24 - Ingreso de nuevo funcionario: Belen
21/06/26 16:24 - Ingreso de paquete de cliente Pepe
21/06/26 16:24 - Ingreso de paquete de cliente Juan
21/06/26 16:24 - Ingreso de paquete de cliente Pepe
21/06/26 16:24 - Ingreso de paquete de cliente Pepe
21/06/26 16:24 - Ingreso de paquete de cliente Juan
21/06/26 16:24 - Ingreso de paquete de cliente Maria
21/06/26 16:28 - Ingreso de cliente Pepe
21/06/26 16:28 - Ingreso de cliente Juan
21/06/26 16:28 - Ingreso de cliente Maria
21/06/26 16:28 - Ingreso de nuevo funcionario: Julio
21/06/26 16:28 - Ingreso de nuevo funcionario: Santiago
21/06/26 16:28 - Ingreso de nuevo funcionario: Belen
21/06/26 16:28 - Ingreso de paquete de cliente Pepe
21/06/26 16:28 - Ingreso de paquete de cliente Juan
21/06/26 16:28 - Ingreso de paquete de cliente Pepe
21/06/26 16:28 - Ingreso de paquete de cliente Pepe
21/06/26 16:28 - Ingreso de paquete de cliente Juan
21/06/26 16:28 - Ingreso de paquete de cliente Maria
21/06/26 16:28 - Ingreso de cliente jasgjasgoj
21/06/26 16:28 - Cliente actualizado: Maria
21/06/26 16:28 - Funcionario actualizado: Santiago
21/06/26 16:28 - Funcionario actualizado: Santiago
21/06/26 16:29 - Ingreso de paquete de cliente Juan
21/06/26 16:31 - Ingreso de cliente Pepe
21/06/26 16:31 - Ingreso de cliente Juan
21/06/26 16:31 - Ingreso de cliente Maria
21/06/26 16:31 - Ingreso de nuevo funcionario: Julio
21/06/26 16:31 - Ingreso de nuevo funcionario: Santiago
21/06/26 16:31 - Ingreso de nuevo funcionario: Belen
21/06/26 16:31 - Ingreso de paquete de cliente Pepe
21/06/26 16:31 - Ingreso de paquete de cliente Juan
21/06/26 16:31 - Ingreso de paquete de cliente Pepe
21/06/26 16:31 - Ingreso de paquete de cliente Pepe
21/06/26 16:31 - Ingreso de paquete de cliente Juan
21/06/26 16:31 - Ingreso de paquete de cliente Maria
21/06/26 16:31 - Ingreso de cliente Pepe
21/06/26 16:31 - Ingreso de cliente Juan
21/06/26 16:31 - Ingreso de cliente Maria
21/06/26 16:31 - Ingreso de nuevo funcionario: Julio
21/06/26 16:31 - Ingreso de nuevo funcionario: Santiago
21/06/26 16:31 - Ingreso de nuevo funcionario: Belen
21/06/26 16:31 - Ingreso de paquete de cliente Pepe
21/06/26 16:31 - Ingreso de paquete de cliente Juan
21/06/26 16:31 - Ingreso de paquete de cliente Pepe
21/06/26 16:31 - Ingreso de paquete de cliente Pepe
21/06/26 16:31 - Ingreso de paquete de cliente Juan
21/06/26 16:31 - Ingreso de paquete de cliente Maria
21/06/26 16:32 - Ingreso de cliente Pepe
21/06/26 16:32 - Ingreso de cliente Juan
21/06/26 16:32 - Ingreso de cliente Maria
21/06/26 16:32 - Ingreso de nuevo funcionario: Julio
21/06/26 16:32 - Ingreso de nuevo funcionario: Santiago
21/06/26 16:32 - Ingreso de nuevo funcionario: Belen
21/06/26 16:32 - Ingreso de paquete de cliente Pepe
21/06/26 16:32 - Ingreso de paquete de cliente Juan
21/06/26 16:32 - Ingreso de paquete de cliente Pepe
21/06/26 16:32 - Ingreso de paquete de cliente Pepe
21/06/26 16:32 - Ingreso de paquete de cliente Juan
21/06/26 16:32 - Ingreso de paquete de cliente Maria
21/06/26 16:35 - Ingreso de cliente Pepe
21/06/26 16:35 - Ingreso de cliente Juan
21/06/26 16:35 - Ingreso de cliente Maria
21/06/26 16:35 - Ingreso de nuevo funcionario: Julio
21/06/26 16:35 - Ingreso de nuevo funcionario: Santiago
21/06/26 16:35 - Ingreso de nuevo funcionario: Belen
21/06/26 16:35 - Ingreso de paquete de cliente Pepe
21/06/26 16:35 - Ingreso de paquete de cliente Juan
21/06/26 16:35 - Ingreso de paquete de cliente Pepe
21/06/26 16:35 - Ingreso de paquete de cliente Pepe
21/06/26 16:35 - Ingreso de paquete de cliente Juan
21/06/26 16:35 - Ingreso de paquete de cliente Maria
21/06/26 16:35 - Ingreso de un nuevo envío en el sistema
21/06/26 16:36 - Ingreso de cliente Pepe
21/06/26 16:36 - Ingreso de cliente Juan
21/06/26 16:36 - Ingreso de cliente Maria
21/06/26 16:36 - Ingreso de nuevo funcionario: Julio
21/06/26 16:36 - Ingreso de nuevo funcionario: Santiago
21/06/26 16:36 - Ingreso de nuevo funcionario: Belen
21/06/26 16:36 - Ingreso de paquete de cliente Pepe
21/06/26 16:36 - Ingreso de paquete de cliente Juan
21/06/26 16:36 - Ingreso de paquete de cliente Pepe
21/06/26 16:36 - Ingreso de paquete de cliente Pepe
21/06/26 16:36 - Ingreso de paquete de cliente Juan
21/06/26 16:36 - Ingreso de paquete de cliente Maria
21/06/26 16:36 - Ingreso de nuevo envío núm 1
21/06/26 16:36 - Ingreso de nuevo envío núm 2
21/06/26 16:38 - Ingreso de cliente Pepe
21/06/26 16:38 - Ingreso de cliente Juan
21/06/26 16:38 - Ingreso de cliente Maria
21/06/26 16:38 - Ingreso de nuevo funcionario: Julio
21/06/26 16:38 - Ingreso de nuevo funcionario: Santiago
21/06/26 16:38 - Ingreso de nuevo funcionario: Belen
21/06/26 16:38 - Ingreso de paquete de cliente Pepe
21/06/26 16:38 - Ingreso de paquete de cliente Juan
21/06/26 16:38 - Ingreso de paquete de cliente Pepe
21/06/26 16:38 - Ingreso de paquete de cliente Pepe
21/06/26 16:38 - Ingreso de paquete de cliente Juan
21/06/26 16:38 - Ingreso de paquete de cliente Maria
21/06/26 16:38 - Ingreso de nuevo envío núm 1
21/06/26 16:38 - Recepción de envío1 confirmada.
21/06/26 16:40 - Ingreso de cliente Pepe
21/06/26 16:40 - Ingreso de cliente Juan
21/06/26 16:40 - Ingreso de cliente Maria
21/06/26 16:40 - Ingreso de nuevo funcionario: Julio
21/06/26 16:40 - Ingreso de nuevo funcionario: Santiago
21/06/26 16:40 - Ingreso de nuevo funcionario: Belen
21/06/26 16:40 - Ingreso de paquete de cliente Pepe
21/06/26 16:40 - Ingreso de paquete de cliente Juan
21/06/26 16:40 - Ingreso de paquete de cliente Pepe
21/06/26 16:40 - Ingreso de paquete de cliente Pepe
21/06/26 16:40 - Ingreso de paquete de cliente Juan
21/06/26 16:40 - Ingreso de paquete de cliente Maria
21/06/26 16:40 - Ingreso de nuevo envío núm 1
21/06/26 16:41 - Ingreso de cliente Pepe
21/06/26 16:41 - Ingreso de cliente Juan
21/06/26 16:41 - Ingreso de cliente Maria
21/06/26 16:41 - Ingreso de nuevo funcionario: Julio
21/06/26 16:41 - Ingreso de nuevo funcionario: Santiago
21/06/26 16:41 - Ingreso de nuevo funcionario: Belen
21/06/26 16:41 - Ingreso de paquete de cliente Pepe
21/06/26 16:41 - Ingreso de paquete de cliente Juan
21/06/26 16:41 - Ingreso de paquete de cliente Pepe
21/06/26 16:41 - Ingreso de paquete de cliente Pepe
21/06/26 16:41 - Ingreso de paquete de cliente Juan
21/06/26 16:41 - Ingreso de paquete de cliente Maria
21/06/26 16:41 - Ingreso de nuevo envío núm 1
21/06/26 16:42 - Ingreso de cliente Pepe
21/06/26 16:42 - Ingreso de cliente Juan
21/06/26 16:42 - Ingreso de cliente Maria
21/06/26 16:42 - Ingreso de nuevo funcionario: Julio
21/06/26 16:42 - Ingreso de nuevo funcionario: Santiago
21/06/26 16:42 - Ingreso de nuevo funcionario: Belen
21/06/26 16:42 - Ingreso de paquete de cliente Pepe
21/06/26 16:42 - Ingreso de paquete de cliente Juan
21/06/26 16:42 - Ingreso de paquete de cliente Pepe
21/06/26 16:42 - Ingreso de paquete de cliente Pepe
21/06/26 16:42 - Ingreso de paquete de cliente Juan
21/06/26 16:42 - Ingreso de paquete de cliente Maria
21/06/26 16:42 - Ingreso de nuevo envío núm 1
21/06/26 16:43 - Ingreso de cliente Pepe
21/06/26 16:43 - Ingreso de cliente Juan
21/06/26 16:43 - Ingreso de cliente Maria
21/06/26 16:43 - Ingreso de nuevo funcionario: Julio
21/06/26 16:43 - Ingreso de nuevo funcionario: Santiago
21/06/26 16:43 - Ingreso de nuevo funcionario: Belen
21/06/26 16:43 - Ingreso de paquete de cliente Pepe
21/06/26 16:43 - Ingreso de paquete de cliente Juan
21/06/26 16:43 - Ingreso de paquete de cliente Pepe
21/06/26 16:43 - Ingreso de paquete de cliente Pepe
21/06/26 16:43 - Ingreso de paquete de cliente Juan
21/06/26 16:43 - Ingreso de paquete de cliente Maria
21/06/26 16:43 - Ingreso de nuevo envío núm 1
21/06/26 16:43 - Recepción de envío 1 confirmada.
21/06/26 16:47 - Ingreso de cliente Pepe
21/06/26 16:47 - Ingreso de cliente Juan
21/06/26 16:47 - Ingreso de cliente Maria
21/06/26 16:47 - Ingreso de nuevo funcionario: Julio
21/06/26 16:47 - Ingreso de nuevo funcionario: Santiago
21/06/26 16:47 - Ingreso de nuevo funcionario: Belen
21/06/26 16:47 - Ingreso de paquete de cliente Pepe
21/06/26 16:47 - Ingreso de paquete de cliente Juan
21/06/26 16:47 - Ingreso de paquete de cliente Pepe
21/06/26 16:47 - Ingreso de paquete de cliente Pepe
21/06/26 16:47 - Ingreso de paquete de cliente Juan
21/06/26 16:47 - Ingreso de paquete de cliente Maria
